C51 COMPILER V9.53.0.0   LCD_DRV                                                           03/04/2015 20:41:02 PAGE 1   


C51 COMPILER V9.53.0.0, COMPILATION OF MODULE LCD_DRV
OBJECT MODULE PLACED IN lcd_drv.OBJ
COMPILER INVOKED BY: C:\Keil_v5\C51\BIN\C51.EXE lcd_drv.c OPTIMIZE(8,SPEED) DEFINE(KEIL) DEBUG OBJECTEXTEND TABS(2)

line level    source

   1          /*C*****************************************************************************
   2          * FILE_NAME: LCD_DRV.C                                                             
   3          *-------------------------------------------------------------------------------
   4          * FILE_CREATED_BY: Eric TINLOT                                                         
   5          * $Author: jberthy $
   6          * $Revision: 1.1.1.1 $
   7          * $Date: 2001/03/01 15:31:23 $
   8          *-------------------------------------------------------------------------------
   9          * FILE_PURPOSE:  DEMOBOARD LCD DRIVERS
  10          * FILE_CONTENTS:                                                            
  11          *******************************************************************************/
  12          
  13          /* Includes     */
  14          
  15          #include "config.h"
  16          #include "lcd_drv.h"
  17          
  18          /*  Defines     */
  19           
  20          //#define TEMPO_15us (Uint32)(4 * FOSC) /12000 /* tempo duration of 15 us */
  21          #define TEMPO_15us 3 
  22          
  23          
  24          /* Declarations */
  25          Uchar i;
  26          
  27          /* Definitions  */
  28          
  29          /* Prototypes   */
  30          
  31          void lcd_tempo(void)
  32          {
  33   1        for(i=0; i<TEMPO_15us; i++);
  34   1      }
  35          
  36          /**
  37          ** ----------------------------------------------------------------------------
  38          ** lcd_cmd_wr - write command to LCD
  39          ** ----------------------------------------------------------------------------
  40          ** Inputs: command
  41          ** Outputs: twice in 4 bit on LCD
  42          ** ----------------------------------------------------------------------------
  43          ** Comments: Use P3.2 and P3.4  to validate lcd  P1.6=R/W=0    P1.7=RS=0
  44          ** ----------------------------------------------------------------------------
  45          */
  46          void lcd_cmd_wr(Uchar value)
  47          {
  48   1        unsigned char a,b;
  49   1      
  50   1        a = (value >> 4) & 0x0F;              /* 4 highest bit of value + RS=RW=0 */
  51   1        b =        value & 0x0F;              /* 4 lowest  bit of value + RS=RW=0 */
  52   1              
  53   1        P1 = a;                                                            
  54   1        LCD_ENABLE;                  /* select  LCD with P3.2=0 and P3.4=0 */
  55   1        lcd_tempo();
C51 COMPILER V9.53.0.0   LCD_DRV                                                           03/04/2015 20:41:02 PAGE 2   

  56   1        LCD_DISABLE;                /* Disable LCD with P3.2=1 and P3.4=1 */ 
  57   1        P1 = b;                           /* P1.7=0  --> Instruction data input */  
  58   1        LCD_ENABLE;                  /* select  LCD with P3.2=0 and P3.4=0 */
  59   1        P2_2 = 0;
  60   1        lcd_tempo();
  61   1        P2_2 = 1;
  62   1      
  63   1        LCD_DISABLE;                /* Disable LCD with P3.2=1 and P3.4=1 */ 
  64   1      } 
  65          
  66          
  67          /*
  68          ** ----------------------------------------------------------------------------
  69          ** lcd_cmd8_wr - write command to LCD in 8 bits (only 4 low bytes are send) 
  70          ** ----------------------------------------------------------------------------
  71          ** Inputs: command
  72          ** Outputs: none
  73          ** ----------------------------------------------------------------------------
  74          ** Comments: Use P3.2 and P3.4  to validate lcd  P1.6=R/W=0    P1.7=RS=0
  75          ** ----------------------------------------------------------------------------
  76          */
  77          void lcd_cmd8_wr(Uchar value)
  78          {
  79   1        P1= value & 0x3F;                         /* 4 low bit of value + RS=RW=0 */
  80   1        LCD_ENABLE;                  /* select  LCD with P3.2=0 and P3.4=0 */
  81   1        lcd_tempo();
  82   1        LCD_DISABLE;                /* Disable LCD with P3.2=1 and P3.4=1 */ 
  83   1      } 
  84          
  85          
  86          
  87          /*
  88          ** ----------------------------------------------------------------------------
  89          ** lcd_bf - look to see if lcd busy flag is OK
  90          ** ----------------------------------------------------------------------------
  91          ** Inputs: none
  92          ** Outputs: FALSE or TRUE
  93          ** ----------------------------------------------------------------------------
  94          ** Comments: Use P3.2 and P3.4  to validate lcd  P1.6=R/W=0    P1.7=RS=0
  95          ** ----------------------------------------------------------------------------
  96          */
  97          Uchar lcd_bf(void)
  98          {
  99   1        Uchar fct_return = FALSE;
 100   1        Uchar high,low;
 101   1      
 102   1        P1 = P1 & LCD_RD & LCD_DATA;     /* read busy flag command */
 103   1        LCD_ENABLE;                          /* enabled  LCD  */
 104   1        high  = P1 & LCD_BF;                 /* mask for Busy flag */ 
 105   1        LCD_DISABLE;                         /* Disable LCD  */ 
 106   1        lcd_tempo();
 107   1        LCD_ENABLE;
 108   1        low  = P1;                                    /* low 4 bit */
 109   1        LCD_DISABLE;
 110   1        if (high==0)
 111   1        { 
 112   2          fct_return = TRUE;
 113   2        }
 114   1        return(fct_return);  
 115   1      }
 116          
 117          /*****************************************************************************
C51 COMPILER V9.53.0.0   LCD_DRV                                                           03/04/2015 20:41:02 PAGE 3   

 118          * FUNCTION_NAME: lcd_data_wr                                                             
 119          *----------------------------------------------------------------------------
 120          * FUNCTION_AUTHOR: E.TINLOT                                                         
 121          * FUNCTION_DATE: 06.10.1999                                                           
 122          *----------------------------------------------------------------------------
 123          * FUNCTION_PURPOSE: send a character to the current DDRAM ADRESS                                          
             -                
 124          * FUNCTION_INPUTS:  character                                                          
 125          * FUNCTION_OUTPUTS: none                                                        
 126          *****************************************************************************
 127          * NOTE: 4 higest bit first then 4 lowest bit
 128          *****************************************************************************/
 129          void lcd_data_wr(Uchar charact)
 130          {
 131   1          P1 = ((charact >> 4) & LCD_DATA) | LCD_RS;    /* 4 highest bit of charact */
 132   1          LCD_ENABLE;                                         /* Enabled LCD  */
 133   1          lcd_tempo();
 134   1          LCD_DISABLE;                                        /* Disable LCD  */ 
 135   1          P1 = (charact & LCD_DATA) | LCD_RS;            /* 4 lowest bit of charact */
 136   1          LCD_ENABLE;                          
 137   1          lcd_tempo();
 138   1          LCD_DISABLE;                
 139   1      }
 140          
 141          
 142          /*****************************************************************************
 143          * FUNCTION_NAME: lcd_ddram_init                                                             
 144          *----------------------------------------------------------------------------
 145          * FUNCTION_AUTHOR: E.TINLOT                                                         
 146          * FUNCTION_DATE: 06.10.1999                                                           
 147          *----------------------------------------------------------------------------
 148          * FUNCTION_PURPOSE: init ddram to adress                                                          
 149          * FUNCTION_INPUTS:  adress to init                                                          
 150          * FUNCTION_OUTPUTS: none                                                        
 151          *****************************************************************************
 152          * NOTE: 4 higest bit first then 4 lowest bit
 153          *****************************************************************************/
 154          void lcd_ddram_init(Uchar address)
 155          {   
 156   1          P1 =  (address | LCD_DDRAM)>>4 ;              /* 4 highest bit of address */
 157   1          LCD_ENABLE;                                         /* Enabled LCD  */
 158   1          lcd_tempo();
 159   1          LCD_DISABLE;                                        /* Disable LCD  */ 
 160   1          P1 = address & 0x0F ;                          /* 4 lowest bit of address */
 161   1          LCD_ENABLE;                          
 162   1          lcd_tempo();
 163   1          LCD_DISABLE;                
 164   1      }
 165          
 166          
 167          


MODULE INFORMATION:   STATIC OVERLAYABLE
   CODE SIZE        =    137    ----
   CONSTANT SIZE    =   ----    ----
   XDATA SIZE       =   ----    ----
   PDATA SIZE       =   ----    ----
   DATA SIZE        =      1       1
   IDATA SIZE       =   ----    ----
   BIT SIZE         =   ----    ----
END OF MODULE INFORMATION.

C51 COMPILER V9.53.0.0   LCD_DRV                                                           03/04/2015 20:41:02 PAGE 4   


C51 COMPILATION COMPLETE.  0 WARNING(S),  0 ERROR(S)
