C51 COMPILER V9.53.0.0   MAIN                                                              03/04/2015 20:41:24 PAGE 1   


C51 COMPILER V9.53.0.0, COMPILATION OF MODULE MAIN
OBJECT MODULE PLACED IN main.OBJ
COMPILER INVOKED BY: C:\Keil_v5\C51\BIN\C51.EXE main.c OPTIMIZE(8,SPEED) DEFINE(KEIL) DEBUG OBJECTEXTEND TABS(2)

line level    source

   1          /*C*****************************************************************************
   2          * FILE_NAME         : main.c                                             
   3          *----------------------------------------------------------------------------
   4          * FILE_CREATED_BY   : BERTHY JS                                             
   5          * FILE_CREATION_DATE: 4/05/00                                              
   6          *----------------------------------------------------------------------------
   7          * FILE_PURPOSE:    
   8          *
   9          ******************************************************************************/
  10          /*_____ I N C L U D E - F I L E S ____________________________________________*/
  11          
  12          #include "config.h"
  13          #include "schedule.h"
  14          
  15          //#define TIMER2_2ms (0xFFFF - (2000*FOSC)/12000) 
  16          #define TIMER2_2ms   (0xFFFF - 2000) 
  17          
  18          /*_____ G L O B A L S ________________________________________________________*/
  19          
  20          
  21          /*_____ P R I V A T E - F U N C T I O N S - D E C L A R A T I O N ____________*/
  22          
  23          void init_timer2(void);
  24          
  25          /*_____ L O C A L S __________________________________________________________*/
  26          
  27          
  28          
  29          
  30          /*F**************************************************************************
  31          * FUNCTION_NAME: main                                             
  32          *-------------------------------------------------------------------------
  33          * FUNCTION_AUTHOR: BERTHY J.S.                                              
  34          * FUNCTION_DATE  : 4/05/00                                                 
  35          *----------------------------------------------------------------------------
  36          * FUNCTION_PURPOSE:                          
  37          * FUNCTION_INPUTS : void
  38          * FUNCTION_OUTPUTS: void                                                                                  
             -                               
  39          ******************************************************************************/
  40          void main (void)
  41          {
  42   1        P0 = 0xFF;
  43   1        P1 = 0xFF;
  44   1        init_timer2();
  45   1      
  46   1        EA = 1;
  47   1      
  48   1        schedule_init();
  49   1        
  50   1        while(1)
  51   1        {
  52   2          P1_0 = ~P1_0;
  53   2       
  54   2          schedule();
C51 COMPILER V9.53.0.0   MAIN                                                              03/04/2015 20:41:24 PAGE 2   

  55   2        }
  56   1      }
  57          
  58          
  59          /*F**************************************************************************
  60          * FUNCTION_NAME: init_timer_2                                            
  61          *-------------------------------------------------------------------------
  62          * FUNCTION_AUTHOR: BERTHY J.S.                                              
  63          * FUNCTION_DATE  : 4/05/00                                                 
  64          *----------------------------------------------------------------------------
  65          * FUNCTION_PURPOSE:                          
  66          * FUNCTION_INPUT
  67          * FUNCTION_OUTPUTS: void                                                                                  
             -                               
  68          ******************************************************************************/
  69          void init_timer2(void)
  70          {
  71   1      /* 16 bit auto reload mode */
  72   1      /*-------------------------*/
  73   1        T2CON = 0;
  74   1      
  75   1        TH2 = 0;
  76   1        TL2 = 0;
  77   1        RCAP2L = LOW(TIMER2_2ms);
  78   1        RCAP2H = HIGH(TIMER2_2ms);
  79   1      
  80   1      /* enable timer 2 interrupt. */
  81   1      /*---------------------------*/
  82   1        ET2 = 1;
  83   1      
  84   1      /* run timer 2. */
  85   1      /*--------------*/
  86   1        TR2 = 1;
  87   1      }
  88          
  89          /*F**************************************************************************
  90          * FUNCTION_NAME: fct_timer2_it                                            
  91          *-------------------------------------------------------------------------
  92          * FUNCTION_AUTHOR: BERTHY J.S.                                              
  93          * FUNCTION_DATE  : 4/05/00                                                 
  94          *----------------------------------------------------------------------------
  95          * FUNCTION_PURPOSE:                          
  96          * FUNCTION_INPUTS : void
  97          * FUNCTION_OUTPUTS: void                                                                                  
             -                               
  98          ******************************************************************************/
  99          Interrupt(fct_timer2_it(void), 5)
 100          {
 101   1        TF2 = 0; /* raz flag interrupt. */
 102   1        activate_new_schedul();
 103   1        P1_1 = ~P1_1;
 104   1      
 105   1      }
 106          
 107          
 108          Interrupt(it_7(void), 7)
 109          {
 110   1        fct_can_it();
 111   1      }
 112          


C51 COMPILER V9.53.0.0   MAIN                                                              03/04/2015 20:41:24 PAGE 3   

MODULE INFORMATION:   STATIC OVERLAYABLE
   CODE SIZE        =    161    ----
   CONSTANT SIZE    =   ----    ----
   XDATA SIZE       =   ----    ----
   PDATA SIZE       =   ----    ----
   DATA SIZE        =   ----    ----
   IDATA SIZE       =   ----    ----
   BIT SIZE         =   ----    ----
END OF MODULE INFORMATION.


C51 COMPILATION COMPLETE.  0 WARNING(S),  0 ERROR(S)
